Thu Aug 13 19:29:31 CEST 2015
Thu Aug 13 19:29:36 CEST 2015
Thu Aug 13 19:32:31 CEST 2015
Thu Aug 13 19:40:01 CEST 2015
Thu Aug 13 19:41:01 CEST 2015
Thu Aug 13 19:42:01 CEST 2015
Thu Aug 13 19:43:01 CEST 2015
Thu Aug 13 19:44:01 CEST 2015
Thu Aug 13 19:45:01 CEST 2015
Thu Aug 13 19:46:01 CEST 2015
Thu Aug 13 19:47:01 CEST 2015
Thu Aug 13 19:48:01 CEST 2015
Thu Aug 13 19:49:01 CEST 2015
Thu Aug 13 19:50:02 CEST 2015
Thu Aug 13 19:51:02 CEST 2015
Thu Aug 13 19:52:01 CEST 2015
Thu Aug 13 19:53:01 CEST 2015
Thu Aug 13 19:54:01 CEST 2015
Thu Aug 13 19:55:01 CEST 2015
Thu Aug 13 19:56:01 CEST 2015
Thu Aug 13 19:57:01 CEST 2015
Thu Aug 13 19:58:01 CEST 2015
Thu Aug 13 19:59:01 CEST 2015
Thu Aug 13 19:59:59 CEST 2015
Thu Aug 13 20:00:01 CEST 2015
Thu Aug 13 20:01:01 CEST 2015
Thu Aug 13 20:02:01 CEST 2015
Thu Aug 13 20:03:01 CEST 2015
Thu Aug 13 20:04:01 CEST 2015
Thu Aug 13 20:05:01 CEST 2015
Thu Aug 13 20:06:01 CEST 2015
Thu Aug 13 20:07:01 CEST 2015
Thu Aug 13 20:08:01 CEST 2015
Thu Aug 13 20:09:01 CEST 2015
Thu Aug 13 20:10:01 CEST 2015
Thu Aug 13 20:11:01 CEST 2015
Thu Aug 13 20:12:01 CEST 2015
Rolf
Thu Aug 13 20:13:01 CEST 2015
 News spider
 News spider
	News spider
	News spider
	News spider
date News spider
date News spider
date News spider
date News spider
2015-08-13 Rolf
2015-08-13 Rolf
2015-08-13 Rolf
2015-08-13 20:24 Rolf
2015-08-13 20:24 Rolf
2015-08-13 20:25 Rolf
2015-08-13 20:25 Crawling Financieel Dagblad
2015-08-13 20:26 Crawling Financieel Dagblad
2015-08-13 20:27 Crawling Financieel Dagblad
2015-08-13 20:28 Crawling Financieel Dagblad
2015-08-13 20:29 Crawling Financieel Dagblad
2015-08-13 20:30 Crawling Financieel Dagblad
2015-08-13 20:31 Crawling Financieel Dagblad
2015-08-13 20:32 Crawling Financieel Dagblad
2015-08-13 20:33 Crawling Financieel Dagblad
2015-08-13 20:34 Crawling Financieel Dagblad
2015-08-13 20:35 Crawling Financieel Dagblad
2015-08-13 20:36 Crawling Financieel Dagblad
2015-08-13 20:37 Crawling Financieel Dagblad
2015-08-13 20:38 Crawling Financieel Dagblad
2015-08-13 20:39 Crawling Financieel Dagblad
2015-08-13 20:40 Crawling Financieel Dagblad
2015-08-13 20:41 Crawling Financieel Dagblad
2015-08-13 20:42 Crawling Financieel Dagblad
2015-08-13 20:43 Crawling Financieel Dagblad
2015-08-13 20:44 Crawling Financieel Dagblad
2015-08-13 20:45 Crawling Financieel Dagblad
2015-08-13 20:46 Crawling Financieel Dagblad
2015-08-13 20:47 Crawling Financieel Dagblad
2015-08-13 20:48 Crawling Financieel Dagblad
2015-08-13 20:49 Crawling Financieel Dagblad
2015-08-13 20:50 Crawling Financieel Dagblad
2015-08-13 20:51 Crawling Financieel Dagblad
2015-08-13 20:52 Crawling Financieel Dagblad
2015-08-13 20:53 Crawling Financieel Dagblad
2015-08-13 20:54 Crawling Financieel Dagblad
2015-08-13 20:55 Crawling Financieel Dagblad
2015-08-13 20:56 Crawling Financieel Dagblad
2015-08-13 20:57 Crawling Financieel Dagblad
2015-08-13 20:58 Crawling Financieel Dagblad
2015-08-13 20:59 Crawling Financieel Dagblad
2015-08-13 21:00 Crawling Financieel Dagblad
2015-08-13 21:01 Crawling Financieel Dagblad
2015-08-13 21:02 Crawling Financieel Dagblad
2015-08-13 21:03 Crawling Financieel Dagblad
2015-08-13 21:04 Crawling Financieel Dagblad
2015-08-13 21:05 Crawling Financieel Dagblad
2015-08-13 21:06 Crawling Financieel Dagblad
2015-08-13 21:07 Crawling Financieel Dagblad
2015-08-13 21:08 Crawling Financieel Dagblad
2015-08-13 21:09 Crawling Financieel Dagblad
2015-08-13 21:10 Crawling Financieel Dagblad
2015-08-13 21:10 Crawling Financieel Dagblad
